<?xml version="1.0" encoding="UTF-8"?>
<!-- Generated by org.testng.reporters.JUnitReportReporter -->
<testsuite hostname="Rizas-MacBook-Air.local" failures="0" tests="2" name="TestNGClasses.TestNGBasics" time="0.005" errors="0" timestamp="2020-09-12T15:53:29 EDT" skipped="0">
  <testcase classname="TestNGClasses.TestNGBasics" name="googleLogo" time="0.003"/>
  <system-out/>
  <testcase classname="TestNGClasses.TestNGBasics" name="googleTitleTest" time="0.002"/>
  <system-out/>
</testsuite> <!-- TestNGClasses.TestNGBasics -->
