<?xml version="1.0" encoding="UTF-8"?>
<!-- Generated by org.testng.reporters.JUnitReportReporter -->
<testsuite hostname="Rizas-MacBook-Air.local" failures="0" tests="3" name="TestNGClasses.GoogleTest" time="12.614" errors="0" timestamp="2020-09-12T15:53:29 EDT" skipped="0">
  <testcase classname="TestNGClasses.GoogleTest" name="BgmailLogoDisplay" time="3.061"/>
  <system-out/>
  <testcase classname="TestNGClasses.GoogleTest" name="AgooogleTitleTest" time="5.665"/>
  <system-out/>
  <testcase classname="TestNGClasses.GoogleTest" name="CgoogleLogoDisplay" time="3.888"/>
  <system-out/>
</testsuite> <!-- TestNGClasses.GoogleTest -->
